Analysis & Synthesis report for ControladorVGA
Fri Oct 26 00:43:29 2018
Quartus Prime Version 18.0.0 Build 614 04/24/2018 SJ Lite Edition


---------------------
; Table of Contents ;
---------------------
  1. Legal Notice
  2. Analysis & Synthesis Summary
  3. Analysis & Synthesis Settings
  4. Parallel Compilation
  5. Analysis & Synthesis Source Files Read
  6. Analysis & Synthesis Resource Usage Summary
  7. Analysis & Synthesis Resource Utilization by Entity
  8. General Register Statistics
  9. Multiplexer Restructuring Statistics (Restructuring Performed)
 10. Port Connectivity Checks: "Generador:generador|Interface:interfaceIns"
 11. Post-Synthesis Netlist Statistics for Top Partition
 12. Elapsed Time Per Partition
 13. Analysis & Synthesis Messages
 14. Analysis & Synthesis Suppressed Messages



----------------
; Legal Notice ;
----------------
Copyright (C) 2018  Intel Corporation. All rights reserved.
Your use of Intel Corporation's design tools, logic functions 
and other software and tools, and its AMPP partner logic 
functions, and any output files from any of the foregoing 
(including device programming or simulation files), and any 
associated documentation or information are expressly subject 
to the terms and conditions of the Intel Program License 
Subscription Agreement, the Intel Quartus Prime License Agreement,
the Intel FPGA IP License Agreement, or other applicable license
agreement, including, without limitation, that your use is for
the sole purpose of programming logic devices manufactured by
Intel and sold by Intel or its authorized distributors.  Please
refer to the applicable agreement for further details.



+-------------------------------------------------------------------------------+
; Analysis & Synthesis Summary                                                  ;
+---------------------------------+---------------------------------------------+
; Analysis & Synthesis Status     ; Successful - Fri Oct 26 00:43:28 2018       ;
; Quartus Prime Version           ; 18.0.0 Build 614 04/24/2018 SJ Lite Edition ;
; Revision Name                   ; ControladorVGA                              ;
; Top-level Entity Name           ; System                                      ;
; Family                          ; Cyclone V                                   ;
; Logic utilization (in ALMs)     ; N/A                                         ;
; Total registers                 ; 55                                          ;
; Total pins                      ; 29                                          ;
; Total virtual pins              ; 0                                           ;
; Total block memory bits         ; 0                                           ;
; Total DSP Blocks                ; 0                                           ;
; Total HSSI RX PCSs              ; 0                                           ;
; Total HSSI PMA RX Deserializers ; 0                                           ;
; Total HSSI TX PCSs              ; 0                                           ;
; Total HSSI PMA TX Serializers   ; 0                                           ;
; Total PLLs                      ; 0                                           ;
; Total DLLs                      ; 0                                           ;
+---------------------------------+---------------------------------------------+


+---------------------------------------------------------------------------------------------------------------------------+
; Analysis & Synthesis Settings                                                                                             ;
+---------------------------------------------------------------------------------+--------------------+--------------------+
; Option                                                                          ; Setting            ; Default Value      ;
+---------------------------------------------------------------------------------+--------------------+--------------------+
; Device                                                                          ; 5CSEMA5F31C6       ;                    ;
; Top-level entity name                                                           ; System             ; ControladorVGA     ;
; Family name                                                                     ; Cyclone V          ; Cyclone V          ;
; Use smart compilation                                                           ; Off                ; Off                ;
; Enable parallel Assembler and Timing Analyzer during compilation                ; On                 ; On                 ;
; Enable compact report table                                                     ; Off                ; Off                ;
; Restructure Multiplexers                                                        ; Auto               ; Auto               ;
; MLAB Add Timing Constraints For Mixed-Port Feed-Through Mode Setting Don't Care ; Off                ; Off                ;
; Create Debugging Nodes for IP Cores                                             ; Off                ; Off                ;
; Preserve fewer node names                                                       ; On                 ; On                 ;
; Intel FPGA IP Evaluation Mode                                                   ; Enable             ; Enable             ;
; Verilog Version                                                                 ; Verilog_2001       ; Verilog_2001       ;
; VHDL Version                                                                    ; VHDL_1993          ; VHDL_1993          ;
; State Machine Processing                                                        ; Auto               ; Auto               ;
; Safe State Machine                                                              ; Off                ; Off                ;
; Extract Verilog State Machines                                                  ; On                 ; On                 ;
; Extract VHDL State Machines                                                     ; On                 ; On                 ;
; Ignore Verilog initial constructs                                               ; Off                ; Off                ;
; Iteration limit for constant Verilog loops                                      ; 5000               ; 5000               ;
; Iteration limit for non-constant Verilog loops                                  ; 250                ; 250                ;
; Add Pass-Through Logic to Inferred RAMs                                         ; On                 ; On                 ;
; Infer RAMs from Raw Logic                                                       ; On                 ; On                 ;
; Parallel Synthesis                                                              ; On                 ; On                 ;
; DSP Block Balancing                                                             ; Auto               ; Auto               ;
; NOT Gate Push-Back                                                              ; On                 ; On                 ;
; Power-Up Don't Care                                                             ; On                 ; On                 ;
; Remove Redundant Logic Cells                                                    ; Off                ; Off                ;
; Remove Duplicate Registers                                                      ; On                 ; On                 ;
; Ignore CARRY Buffers                                                            ; Off                ; Off                ;
; Ignore CASCADE Buffers                                                          ; Off                ; Off                ;
; Ignore GLOBAL Buffers                                                           ; Off                ; Off                ;
; Ignore ROW GLOBAL Buffers                                                       ; Off                ; Off                ;
; Ignore LCELL Buffers                                                            ; Off                ; Off                ;
; Ignore SOFT Buffers                                                             ; On                 ; On                 ;
; Limit AHDL Integers to 32 Bits                                                  ; Off                ; Off                ;
; Optimization Technique                                                          ; Balanced           ; Balanced           ;
; Carry Chain Length                                                              ; 70                 ; 70                 ;
; Auto Carry Chains                                                               ; On                 ; On                 ;
; Auto Open-Drain Pins                                                            ; On                 ; On                 ;
; Perform WYSIWYG Primitive Resynthesis                                           ; Off                ; Off                ;
; Auto ROM Replacement                                                            ; On                 ; On                 ;
; Auto RAM Replacement                                                            ; On                 ; On                 ;
; Auto DSP Block Replacement                                                      ; On                 ; On                 ;
; Auto Shift Register Replacement                                                 ; Auto               ; Auto               ;
; Allow Shift Register Merging across Hierarchies                                 ; Auto               ; Auto               ;
; Auto Clock Enable Replacement                                                   ; On                 ; On                 ;
; Strict RAM Replacement                                                          ; Off                ; Off                ;
; Allow Synchronous Control Signals                                               ; On                 ; On                 ;
; Force Use of Synchronous Clear Signals                                          ; Off                ; Off                ;
; Auto Resource Sharing                                                           ; Off                ; Off                ;
; Allow Any RAM Size For Recognition                                              ; Off                ; Off                ;
; Allow Any ROM Size For Recognition                                              ; Off                ; Off                ;
; Allow Any Shift Register Size For Recognition                                   ; Off                ; Off                ;
; Use LogicLock Constraints during Resource Balancing                             ; On                 ; On                 ;
; Ignore translate_off and synthesis_off directives                               ; Off                ; Off                ;
; Timing-Driven Synthesis                                                         ; On                 ; On                 ;
; Report Parameter Settings                                                       ; On                 ; On                 ;
; Report Source Assignments                                                       ; On                 ; On                 ;
; Report Connectivity Checks                                                      ; On                 ; On                 ;
; Ignore Maximum Fan-Out Assignments                                              ; Off                ; Off                ;
; Synchronization Register Chain Length                                           ; 3                  ; 3                  ;
; Power Optimization During Synthesis                                             ; Normal compilation ; Normal compilation ;
; HDL message level                                                               ; Level2             ; Level2             ;
; Suppress Register Optimization Related Messages                                 ; Off                ; Off                ;
; Number of Removed Registers Reported in Synthesis Report                        ; 5000               ; 5000               ;
; Number of Swept Nodes Reported in Synthesis Report                              ; 5000               ; 5000               ;
; Number of Inverted Registers Reported in Synthesis Report                       ; 100                ; 100                ;
; Clock MUX Protection                                                            ; On                 ; On                 ;
; Auto Gated Clock Conversion                                                     ; Off                ; Off                ;
; Block Design Naming                                                             ; Auto               ; Auto               ;
; SDC constraint protection                                                       ; Off                ; Off                ;
; Synthesis Effort                                                                ; Auto               ; Auto               ;
; Shift Register Replacement - Allow Asynchronous Clear Signal                    ; On                 ; On                 ;
; Pre-Mapping Resynthesis Optimization                                            ; Off                ; Off                ;
; Analysis & Synthesis Message Level                                              ; Medium             ; Medium             ;
; Disable Register Merging Across Hierarchies                                     ; Auto               ; Auto               ;
; Resource Aware Inference For Block RAM                                          ; On                 ; On                 ;
; Automatic Parallel Synthesis                                                    ; On                 ; On                 ;
; Partial Reconfiguration Bitstream ID                                            ; Off                ; Off                ;
+---------------------------------------------------------------------------------+--------------------+--------------------+


+------------------------------------------+
; Parallel Compilation                     ;
+----------------------------+-------------+
; Processors                 ; Number      ;
+----------------------------+-------------+
; Number detected on machine ; 8           ;
; Maximum allowed            ; 4           ;
;                            ;             ;
; Average used               ; 1.00        ;
; Maximum used               ; 4           ;
;                            ;             ;
; Usage by Processor         ; % Time Used ;
;     Processor 1            ; 100.0%      ;
;     Processor 2            ;   0.0%      ;
;     Processor 3            ;   0.0%      ;
;     Processor 4            ;   0.0%      ;
+----------------------------+-------------+


+-------------------------------------------------------------------------------------------------------------------------------------------------------------+
; Analysis & Synthesis Source Files Read                                                                                                                      ;
+----------------------------------+-----------------+------------------------------+---------------------------------------------------------------+---------+
; File Name with User-Entered Path ; Used in Netlist ; File Type                    ; File Name with Absolute Path                                  ; Library ;
+----------------------------------+-----------------+------------------------------+---------------------------------------------------------------+---------+
; System.sv                        ; yes             ; User SystemVerilog HDL File  ; C:/Users/andre/Downloads/Controlador VGA/System.sv            ;         ;
; memoria.sv                       ; yes             ; User SystemVerilog HDL File  ; C:/Users/andre/Downloads/Controlador VGA/memoria.sv           ;         ;
; Interface.sv                     ; yes             ; User SystemVerilog HDL File  ; C:/Users/andre/Downloads/Controlador VGA/Interface.sv         ;         ;
; Generador.sv                     ; yes             ; User SystemVerilog HDL File  ; C:/Users/andre/Downloads/Controlador VGA/Generador.sv         ;         ;
; divisorFrecuencia.sv             ; yes             ; User SystemVerilog HDL File  ; C:/Users/andre/Downloads/Controlador VGA/divisorFrecuencia.sv ;         ;
; ControladorVGA.sv                ; yes             ; User SystemVerilog HDL File  ; C:/Users/andre/Downloads/Controlador VGA/ControladorVGA.sv    ;         ;
+----------------------------------+-----------------+------------------------------+---------------------------------------------------------------+---------+


+---------------------------------------------------------------------------+
; Analysis & Synthesis Resource Usage Summary                               ;
+---------------------------------------------+-----------------------------+
; Resource                                    ; Usage                       ;
+---------------------------------------------+-----------------------------+
; Estimate of Logic utilization (ALMs needed) ; 620                         ;
;                                             ;                             ;
; Combinational ALUT usage for logic          ; 796                         ;
;     -- 7 input functions                    ; 61                          ;
;     -- 6 input functions                    ; 380                         ;
;     -- 5 input functions                    ; 133                         ;
;     -- 4 input functions                    ; 142                         ;
;     -- <=3 input functions                  ; 80                          ;
;                                             ;                             ;
; Dedicated logic registers                   ; 55                          ;
;                                             ;                             ;
; I/O pins                                    ; 29                          ;
;                                             ;                             ;
; Total DSP Blocks                            ; 0                           ;
;                                             ;                             ;
; Maximum fan-out node                        ; memoria:memoria|addr_reg[2] ;
; Maximum fan-out                             ; 397                         ;
; Total fan-out                               ; 4349                        ;
; Average fan-out                             ; 4.78                        ;
+---------------------------------------------+-----------------------------+


+-------------------------------------------------------------------------------------------------------------------------------------------------------------------------------------------------------------------------------------+
; Analysis & Synthesis Resource Utilization by Entity                                                                                                                                                                                 ;
+------------------------------------+---------------------+---------------------------+-------------------+------------+------+--------------+----------------------------------------------------+-------------------+--------------+
; Compilation Hierarchy Node         ; Combinational ALUTs ; Dedicated Logic Registers ; Block Memory Bits ; DSP Blocks ; Pins ; Virtual Pins ; Full Hierarchy Name                                ; Entity Name       ; Library Name ;
+------------------------------------+---------------------+---------------------------+-------------------+------------+------+--------------+----------------------------------------------------+-------------------+--------------+
; |System                            ; 796 (0)             ; 55 (0)                    ; 0                 ; 0          ; 29   ; 0            ; |System                                            ; System            ; work         ;
;    |Generador:generador|           ; 763 (748)           ; 22 (8)                    ; 0                 ; 0          ; 0    ; 0            ; |System|Generador:generador                        ; Generador         ; work         ;
;       |Interface:interfaceIns|     ; 15 (15)             ; 14 (14)                   ; 0                 ; 0          ; 0    ; 0            ; |System|Generador:generador|Interface:interfaceIns ; Interface         ; work         ;
;    |controladorVGA:controladorVGA| ; 31 (31)             ; 20 (20)                   ; 0                 ; 0          ; 0    ; 0            ; |System|controladorVGA:controladorVGA              ; controladorVGA    ; work         ;
;    |divisorFrecuencia:clk25MHz|    ; 2 (2)               ; 2 (2)                     ; 0                 ; 0          ; 0    ; 0            ; |System|divisorFrecuencia:clk25MHz                 ; divisorFrecuencia ; work         ;
;    |memoria:memoria|               ; 0 (0)               ; 11 (11)                   ; 0                 ; 0          ; 0    ; 0            ; |System|memoria:memoria                            ; memoria           ; work         ;
+------------------------------------+---------------------+---------------------------+-------------------+------------+------+--------------+----------------------------------------------------+-------------------+--------------+
Note: For table entries with two numbers listed, the numbers in parentheses indicate the number of resources of the given type used by the specific entity alone. The numbers listed outside of parentheses indicate the total resources of the given type used by the specific entity and all of its sub-entities in the hierarchy.


+------------------------------------------------------+
; General Register Statistics                          ;
+----------------------------------------------+-------+
; Statistic                                    ; Value ;
+----------------------------------------------+-------+
; Total registers                              ; 55    ;
; Number of registers using Synchronous Clear  ; 34    ;
; Number of registers using Synchronous Load   ; 0     ;
; Number of registers using Asynchronous Clear ; 0     ;
; Number of registers using Asynchronous Load  ; 0     ;
; Number of registers using Clock Enable       ; 24    ;
; Number of registers using Preset             ; 0     ;
+----------------------------------------------+-------+


+---------------------------------------------------------------------------------------------------------------------------------------------------------------+
; Multiplexer Restructuring Statistics (Restructuring Performed)                                                                                                ;
+--------------------+-----------+---------------+----------------------+------------------------+------------+-------------------------------------------------+
; Multiplexer Inputs ; Bus Width ; Baseline Area ; Area if Restructured ; Saving if Restructured ; Registered ; Example Multiplexer Output                      ;
+--------------------+-----------+---------------+----------------------+------------------------+------------+-------------------------------------------------+
; 3:1                ; 10 bits   ; 20 LEs        ; 0 LEs                ; 20 LEs                 ; Yes        ; |System|controladorVGA:controladorVGA|pixelY[3] ;
; 4:1                ; 8 bits    ; 16 LEs        ; 16 LEs               ; 0 LEs                  ; Yes        ; |System|Generador:generador|rgb[6]              ;
+--------------------+-----------+---------------+----------------------+------------------------+------------+-------------------------------------------------+


+------------------------------------------------------------------------------------------------------------------------+
; Port Connectivity Checks: "Generador:generador|Interface:interfaceIns"                                                 ;
+--------------+--------+----------+-------------------------------------------------------------------------------------+
; Port         ; Type   ; Severity ; Details                                                                             ;
+--------------+--------+----------+-------------------------------------------------------------------------------------+
; direccion[2] ; Output ; Info     ; Connected to dangling logic. Logic that only feeds a dangling port will be removed. ;
+--------------+--------+----------+-------------------------------------------------------------------------------------+


+-----------------------------------------------------+
; Post-Synthesis Netlist Statistics for Top Partition ;
+-----------------------+-----------------------------+
; Type                  ; Count                       ;
+-----------------------+-----------------------------+
; arriav_ff             ; 55                          ;
;     ENA SCLR          ; 24                          ;
;     SCLR              ; 10                          ;
;     plain             ; 21                          ;
; arriav_lcell_comb     ; 796                         ;
;     arith             ; 34                          ;
;         1 data inputs ; 34                          ;
;     extend            ; 61                          ;
;         7 data inputs ; 61                          ;
;     normal            ; 701                         ;
;         1 data inputs ; 2                           ;
;         2 data inputs ; 15                          ;
;         3 data inputs ; 29                          ;
;         4 data inputs ; 142                         ;
;         5 data inputs ; 133                         ;
;         6 data inputs ; 380                         ;
; boundary_port         ; 29                          ;
;                       ;                             ;
; Max LUT depth         ; 5.00                        ;
; Average LUT depth     ; 4.29                        ;
+-----------------------+-----------------------------+


+-------------------------------+
; Elapsed Time Per Partition    ;
+----------------+--------------+
; Partition Name ; Elapsed Time ;
+----------------+--------------+
; Top            ; 00:00:03     ;
+----------------+--------------+


+-------------------------------+
; Analysis & Synthesis Messages ;
+-------------------------------+
Info: *******************************************************************
Info: Running Quartus Prime Analysis & Synthesis
    Info: Version 18.0.0 Build 614 04/24/2018 SJ Lite Edition
    Info: Processing started: Fri Oct 26 00:43:10 2018
Info: Command: quartus_map --read_settings_files=on --write_settings_files=off ControladorVGA -c ControladorVGA
Warning (125035): Assignment value FREQ_40MHZ for assignment ACTIVE_SERIAL_CLOCK is illegal File: C:/Users/andre/Downloads/Controlador VGA/ControladorVGA.qsf Line: 95
    Info (125063): set_global_assignment -name ACTIVE_SERIAL_CLOCK FREQ_40MHZ File: C:/Users/andre/Downloads/Controlador VGA/ControladorVGA.qsf Line: 95
    Info (125076): Specified  assignment value "ACTIVE_SERIAL_CLOCK" must include one of the following values: "CLKUSR", "FREQ_100MHz", "FREQ_12_5MHz", "FREQ_25MHz", "FREQ_50MHz"
Warning (18236): Number of processors has not been specified which may cause overloading on shared machines.  Set the global assignment NUM_PARALLEL_PROCESSORS in your QSF to an appropriate value for best performance.
Info (20030): Parallel compilation is enabled and will use 4 of the 4 processors detected
Info (12021): Found 1 design units, including 1 entities, in source file system.sv
    Info (12023): Found entity 1: System File: C:/Users/andre/Downloads/Controlador VGA/System.sv Line: 7
Info (12021): Found 1 design units, including 1 entities, in source file memoria.sv
    Info (12023): Found entity 1: memoria File: C:/Users/andre/Downloads/Controlador VGA/memoria.sv Line: 7
Info (12021): Found 1 design units, including 1 entities, in source file interface.sv
    Info (12023): Found entity 1: Interface File: C:/Users/andre/Downloads/Controlador VGA/Interface.sv Line: 8
Info (12021): Found 1 design units, including 1 entities, in source file generador.sv
    Info (12023): Found entity 1: Generador File: C:/Users/andre/Downloads/Controlador VGA/Generador.sv Line: 7
Info (12021): Found 1 design units, including 1 entities, in source file divisorfrecuencia.sv
    Info (12023): Found entity 1: divisorFrecuencia File: C:/Users/andre/Downloads/Controlador VGA/divisorFrecuencia.sv Line: 7
Info (12021): Found 1 design units, including 1 entities, in source file controladorvga.sv
    Info (12023): Found entity 1: controladorVGA File: C:/Users/andre/Downloads/Controlador VGA/ControladorVGA.sv Line: 7
Info (12127): Elaborating entity "System" for the top level hierarchy
Info (12128): Elaborating entity "divisorFrecuencia" for hierarchy "divisorFrecuencia:clk25MHz" File: C:/Users/andre/Downloads/Controlador VGA/System.sv Line: 35
Info (12128): Elaborating entity "controladorVGA" for hierarchy "controladorVGA:controladorVGA" File: C:/Users/andre/Downloads/Controlador VGA/System.sv Line: 44
Info (12128): Elaborating entity "Generador" for hierarchy "Generador:generador" File: C:/Users/andre/Downloads/Controlador VGA/System.sv Line: 53
Info (12128): Elaborating entity "Interface" for hierarchy "Generador:generador|Interface:interfaceIns" File: C:/Users/andre/Downloads/Controlador VGA/Generador.sv Line: 30
Info (12128): Elaborating entity "memoria" for hierarchy "memoria:memoria" File: C:/Users/andre/Downloads/Controlador VGA/System.sv Line: 59
Info (286030): Timing-Driven Synthesis is running
Info (144001): Generated suppressed messages file C:/Users/andre/Downloads/Controlador VGA/output_files/ControladorVGA.map.smsg
Info (16010): Generating hard_block partition "hard_block:auto_generated_inst"
    Info (16011): Adding 0 node(s), including 0 DDIO, 0 PLL, 0 transceiver and 0 LCELL
Info (21057): Implemented 836 device resources after synthesis - the final resource count might be different
    Info (21058): Implemented 1 input pins
    Info (21059): Implemented 28 output pins
    Info (21061): Implemented 807 logic cells
Info: Quartus Prime Analysis & Synthesis was successful. 0 errors, 2 warnings
    Info: Peak virtual memory: 4857 megabytes
    Info: Processing ended: Fri Oct 26 00:43:29 2018
    Info: Elapsed time: 00:00:19
    Info: Total CPU time (on all processors): 00:00:34


+------------------------------------------+
; Analysis & Synthesis Suppressed Messages ;
+------------------------------------------+
The suppressed messages can be found in C:/Users/andre/Downloads/Controlador VGA/output_files/ControladorVGA.map.smsg.


